
  ___  ____  ____  ____  ____ (R)
 /__    /   ____/   /   ____/
___/   /   /___/   /   /___/   16.1   Copyright 1985-2019 StataCorp LLC
  Statistics/Data analysis            StataCorp
                                      4905 Lakeway Drive
                                      College Station, Texas 77845 USA
                                      800-STATA-PC        https://www.stata.com
                                      979-696-4600        stata@stata.com
                                      979-696-4601 (fax)

Stata license: 400-user network perpetual
Serial number: 301606202448
  Licensed to: STATAUser
               Swiss TPH

Notes:
      1. Stata is running in batch mode.
      2. Unicode is supported; see help unicode_advice.


Running C:\Program Files\Stata16\sysprofile.do ...

. do RStata.do 

. set more off

. 
. capture noisily {
. /*RSTATA: cut me here*/
. import delimited ./data/dataset1b.csv
(7 vars, 10,308 obs)
. /*RSTATA: cut me here*/
. } /* end capture noisily */

. saveold RStataDataOut, version(12)
(saving in Stata 12 format, which can be read by Stata 11 or 12)
file RStataDataOut.dta saved

. exit, clear STATA

end of do-file
